Case #1: 1 1
Case #2: 10 10
Case #3: 9 4
Case #4: 10 10
Case #5: 7 4
Case #6: 10 10
Case #7: 0 0
Case #8: 0 0
Case #9: 3 2
Case #10: 0 0
Case #11: 0 0
Case #12: 10 9
Case #13: 8 2
Case #14: 10 7
Case #15: 3 3
Case #16: 10 3
Case #17: 8 4
Case #18: 9 9
Case #19: 9 7
Case #20: 9 0
Case #21: 5 3
Case #22: 0 0
Case #23: 2 2
Case #24: 6 5
Case #25: 10 10
Case #26: 9 5
Case #27: 8 2
Case #28: 10 9
Case #29: 10 10
Case #30: 4 1
Case #31: 9 5
Case #32: 10 5
Case #33: 8 5
Case #34: 6 1
Case #35: 7 3
Case #36: 7 7
Case #37: 4 1
Case #38: 10 6
Case #39: 6 6
Case #40: 4 1
Case #41: 10 10
Case #42: 10 10
Case #43: 2 2
Case #44: 2 0
Case #45: 0 0
Case #46: 0 0
Case #47: 10 10
Case #48: 8 5
Case #49: 9 2
Case #50: 0 0
