Case #1: 10 2
Case #2: 10 10
Case #3: 10 10
Case #4: 7 1
Case #5: 6 3
Case #6: 0 0
Case #7: 10 10
Case #8: 7 4
Case #9: 0 0
Case #10: 1 0
Case #11: 10 10
Case #12: 8 5
Case #13: 2 2
Case #14: 5 3
Case #15: 10 10
Case #16: 0 0
Case #17: 1 1
Case #18: 0 0
Case #19: 10 2
Case #20: 0 0
Case #21: 1 1
Case #22: 3 3
Case #23: 0 0
Case #24: 10 3
Case #25: 10 6
Case #26: 10 10
Case #27: 10 9
Case #28: 10 10
Case #29: 10 10
Case #30: 5 2
Case #31: 10 10
Case #32: 1 1
Case #33: 9 3
Case #34: 2 2
Case #35: 8 4
Case #36: 10 9
Case #37: 0 0
Case #38: 10 9
Case #39: 8 2
Case #40: 0 0
Case #41: 0 0
Case #42: 2 2
Case #43: 6 6
Case #44: 10 4
Case #45: 9 6
Case #46: 4 0
Case #47: 9 9
Case #48: 6 1
Case #49: 0 0
Case #50: 9 0
