Case #1:
..***
..***
*****
*****
*****
Case #2:
**..c
Case #3:
..**
..**
****
****
****
Case #4:
....
....
...*
...*
...*
Case #5:
...*
...*
...*
Case #6:
Impossible
Case #7:
**.c
Case #8:
..*
..*
..*
***
***
Case #9:
...
...
Case #10:
....*
....*
....*
....*
Case #11:
.....
.....
....*
....*
....*
Case #12:
.....
.....
Case #13:
*...c
Case #14:
Impossible
Case #15:
....*
....*
....*
....*
...**
Case #16:
Impossible
Case #17:
Impossible
Case #18:
Impossible
Case #19:
Impossible
Case #20:
Impossible
Case #21:
..**
..**
****
****
Case #22:
Impossible
Case #23:
..c
Case #24:
..
..
..
..
..
Case #25:
Impossible
Case #26:
Impossible
Case #27:
Impossible
Case #28:
..
..
**
**
Case #29:
...
...
...
..*
..*
Case #30:
...
...
...
...
Case #31:
..*
..*
..*
Case #32:
....
....
...*
...*
Case #33:
...*
...*
...*
...*
..**
Case #34:
..**
..**
..**
****
Case #35:
....c
Case #36:
*
*
.
.
c
Case #37:
Impossible
Case #38:
Impossible
Case #39:
....*
....*
....*
....*
....*
Case #40:
Impossible
Case #41:
...*
...*
...*
...*
Case #42:
Impossible
Case #43:
...*
...*
...*
...*
...*
Case #44:
Impossible
Case #45:
Impossible
Case #46:
Impossible
Case #47:
Impossible
Case #48:
....*
....*
Case #49:
..*
..*
***
Case #50:
....*
....*
....*
...**
...**
Case #51:
Impossible
Case #52:
...*
...*
...*
..**
..**
Case #53:
Impossible
Case #54:
...c
Case #55:
.....
.....
....*
Case #56:
Impossible
Case #57:
Impossible
Case #58:
Impossible
Case #59:
....
....
....
...*
...*
Case #60:
..***
..***
..***
*****
*****
Case #61:
...*
...*
..**
Case #62:
..***
..***
..***
*****
Case #63:
Impossible
Case #64:
Impossible
Case #65:
....
....
....
...*
Case #66:
...
...
...
..*
Case #67:
Impossible
Case #68:
Impossible
Case #69:
...**
...**
...**
..***
..***
Case #70:
Impossible
Case #71:
..
..
**
Case #72:
..*
..*
..*
***
Case #73:
Impossible
Case #74:
...*
...*
Case #75:
..***
..***
*****
Case #76:
Impossible
Case #77:
Impossible
Case #78:
..*
..*
***
***
Case #79:
Impossible
Case #80:
..**
..**
Case #81:
Impossible
Case #82:
..***
..***
Case #83:
Impossible
Case #84:
Impossible
Case #85:
...**
...**
...**
Case #86:
....*
....*
....*
...**
Case #87:
Impossible
Case #88:
..
..
Case #89:
Impossible
Case #90:
..**
..**
..**
..**
..**
Case #91:
*
*
*
.
c
Case #92:
*
.
c
Case #93:
Impossible
Case #94:
Impossible
Case #95:
.c
Case #96:
..**
..**
****
Case #97:
Impossible
Case #98:
...
...
..*
..*
..*
Case #99:
*
.
.
.
c
Case #100:
..
..
..
**
**
Case #101:
Impossible
Case #102:
Impossible
Case #103:
Impossible
Case #104:
Impossible
Case #105:
Impossible
Case #106:
Impossible
Case #107:
.....
.....
.....
.....
....*
Case #108:
.
.
.
c
Case #109:
Impossible
Case #110:
Impossible
Case #111:
...**
...**
Case #112:
Impossible
Case #113:
....*
....*
...**
...**
Case #114:
Impossible
Case #115:
Impossible
Case #116:
Impossible
Case #117:
Impossible
Case #118:
Impossible
Case #119:
....
....
....
....
...*
Case #120:
Impossible
Case #121:
..
..
..
Case #122:
..
..
..
..
Case #123:
Impossible
Case #124:
Impossible
Case #125:
Impossible
Case #126:
...*
...*
..**
..**
Case #127:
Impossible
Case #128:
....*
....*
...**
Case #129:
Impossible
Case #130:
...
...
...
...
..*
Case #131:
Impossible
Case #132:
...**
...**
..***
..***
Case #133:
..
..
..
..
**
Case #134:
Impossible
Case #135:
.
.
.
.
c
Case #136:
Impossible
Case #137:
*.c
Case #138:
.....
.....
.....
Case #139:
..*
..*
Case #140:
...**
...**
..***
Case #141:
Impossible
Case #142:
Impossible
Case #143:
Impossible
Case #144:
Impossible
Case #145:
....
....
...*
Case #146:
Impossible
Case #147:
Impossible
Case #148:
.....
.....
....*
....*
Case #149:
..**
..**
..**
..**
****
Case #150:
...*
...*
...*
..**
Case #151:
Impossible
Case #152:
Impossible
Case #153:
Impossible
Case #154:
....
....
....
Case #155:
....
....
....
....
....
Case #156:
Impossible
Case #157:
Impossible
Case #158:
Impossible
Case #159:
...
...
...
Case #160:
Impossible
Case #161:
Impossible
Case #162:
..***
..***
..***
..***
..***
Case #163:
..*
..*
..*
..*
***
Case #164:
*
*
.
c
Case #165:
Impossible
Case #166:
Impossible
Case #167:
.....
.....
.....
....*
....*
Case #168:
Impossible
Case #169:
....
....
....
....
Case #170:
..
..
..
**
Case #171:
..
..
**
**
**
Case #172:
.....
.....
.....
.....
Case #173:
...
...
..*
..*
Case #174:
*
.
.
c
Case #175:
Impossible
Case #176:
.
c
Case #177:
...**
...**
...**
...**
Case #178:
***.c
Case #179:
..***
..***
*****
*****
Case #180:
...**
...**
...**
...**
...**
Case #181:
..**
..**
..**
Case #182:
.....
.....
.....
.....
.....
Case #183:
Impossible
Case #184:
..*
..*
***
***
***
Case #185:
.
.
c
Case #186:
..**
..**
..**
..**
Case #187:
Impossible
Case #188:
..***
..***
..***
Case #189:
*..c
Case #190:
Impossible
Case #191:
Impossible
Case #192:
Impossible
Case #193:
Impossible
Case #194:
Impossible
Case #195:
Impossible
Case #196:
..*
..*
..*
..*
..*
Case #197:
...
...
..*
Case #198:
...**
...**
...**
..***
Case #199:
Impossible
Case #200:
Impossible
Case #201:
...**
...**
...**
...**
..***
Case #202:
Impossible
Case #203:
Impossible
Case #204:
...*
...*
..**
..**
..**
Case #205:
..***
..***
..***
..***
*****
Case #206:
Impossible
Case #207:
Impossible
Case #208:
....
....
Case #209:
....*
....*
....*
Case #210:
...**
...**
..***
..***
..***
Case #211:
Impossible
Case #212:
Impossible
Case #213:
..**
..**
..**
****
****
Case #214:
Impossible
Case #215:
...
...
...
...
...
Case #216:
Impossible
Case #217:
Impossible
Case #218:
Impossible
Case #219:
..*
..*
..*
..*
Case #220:
Impossible
Case #221:
.....
.....
.....
....*
Case #222:
..***
..***
..***
..***
Case #223:
Impossible
Case #224:
Impossible
Case #225:
....*
....*
...**
...**
...**
