Case #1:
..**
..**
..**
Case #2:
..
..
Case #3:
....
....
....
....
....
Case #4:
Impossible
Case #5:
Impossible
Case #6:
..
..
..
..
Case #7:
Impossible
Case #8:
....
....
....
Case #9:
.
c
Case #10:
Impossible
Case #11:
..***
..***
..***
..***
Case #12:
..*
..*
..*
***
Case #13:
.....
.....
.....
Case #14:
Impossible
Case #15:
..**
..**
..**
..**
****
Case #16:
**.c
Case #17:
..*
..*
..*
..*
Case #18:
Impossible
Case #19:
Impossible
Case #20:
....*
....*
....*
....*
....*
Case #21:
Impossible
Case #22:
...**
...**
...**
...**
Case #23:
..
..
**
Case #24:
...**
...**
...**
...**
..***
Case #25:
Impossible
Case #26:
Impossible
Case #27:
Impossible
Case #28:
Impossible
Case #29:
Impossible
Case #30:
Impossible
Case #31:
Impossible
Case #32:
*
*
.
c
Case #33:
..
..
..
..
..
Case #34:
..*
..*
Case #35:
Impossible
Case #36:
....*
....*
....*
...**
Case #37:
Impossible
Case #38:
Impossible
Case #39:
....
....
...*
Case #40:
...**
...**
Case #41:
....
....
....
....
Case #42:
Impossible
Case #43:
..*
..*
..*
***
***
Case #44:
...**
...**
...**
Case #45:
..
..
..
Case #46:
Impossible
Case #47:
..
..
..
..
**
Case #48:
Impossible
Case #49:
Impossible
Case #50:
Impossible
Case #51:
Impossible
Case #52:
Impossible
Case #53:
Impossible
Case #54:
...**
...**
..***
..***
..***
Case #55:
....
....
....
...*
...*
Case #56:
Impossible
Case #57:
....
....
...*
...*
Case #58:
Impossible
Case #59:
..**
..**
****
****
Case #60:
Impossible
Case #61:
.....
.....
.....
....*
....*
Case #62:
Impossible
Case #63:
...
...
Case #64:
Impossible
Case #65:
Impossible
Case #66:
...**
...**
...**
..***
Case #67:
...*
...*
...*
Case #68:
Impossible
Case #69:
Impossible
Case #70:
....*
....*
Case #71:
....*
....*
....*
...**
...**
Case #72:
....*
....*
....*
....*
Case #73:
Impossible
Case #74:
*...c
Case #75:
.....
.....
Case #76:
Impossible
Case #77:
Impossible
Case #78:
Impossible
Case #79:
.
.
c
Case #80:
.
.
.
c
Case #81:
..***
..***
..***
*****
*****
Case #82:
..*
..*
..*
..*
***
Case #83:
Impossible
Case #84:
..*
..*
***
***
Case #85:
Impossible
Case #86:
Impossible
Case #87:
Impossible
Case #88:
...*
...*
..**
Case #89:
*
*
.
.
c
Case #90:
Impossible
Case #91:
Impossible
Case #92:
...
...
..*
..*
Case #93:
..
..
..
**
Case #94:
Impossible
Case #95:
**..c
Case #96:
Impossible
Case #97:
Impossible
Case #98:
Impossible
Case #99:
....
....
....
...*
Case #100:
..***
..***
..***
..***
*****
Case #101:
Impossible
Case #102:
Impossible
Case #103:
...*
...*
...*
..**
..**
Case #104:
Impossible
Case #105:
...*
...*
...*
..**
Case #106:
Impossible
Case #107:
....*
....*
....*
....*
...**
Case #108:
*.c
Case #109:
...*
...*
Case #110:
...**
...**
...**
...**
...**
Case #111:
..***
..***
*****
*****
Case #112:
..**
..**
****
Case #113:
Impossible
Case #114:
Impossible
Case #115:
.....
.....
.....
....*
Case #116:
*
.
.
c
Case #117:
....*
....*
...**
Case #118:
....*
....*
...**
...**
Case #119:
...*
...*
..**
..**
..**
Case #120:
Impossible
Case #121:
Impossible
Case #122:
Impossible
Case #123:
Impossible
Case #124:
...
...
...
..*
..*
Case #125:
...**
...**
...**
..***
..***
Case #126:
...*
...*
..**
..**
Case #127:
Impossible
Case #128:
..*
..*
..*
..*
..*
Case #129:
...**
...**
..***
Case #130:
Impossible
Case #131:
Impossible
Case #132:
..**
..**
..**
..**
..**
Case #133:
....*
....*
...**
...**
...**
Case #134:
..*
..*
..*
Case #135:
...
...
..*
Case #136:
Impossible
Case #137:
Impossible
Case #138:
...
...
...
..*
Case #139:
....*
....*
....*
Case #140:
.....
.....
.....
.....
.....
Case #141:
..***
..***
*****
*****
*****
Case #142:
..**
..**
..**
..**
Case #143:
..**
..**
****
****
****
Case #144:
Impossible
Case #145:
Impossible
Case #146:
...
...
...
Case #147:
Impossible
Case #148:
..*
..*
***
***
***
Case #149:
Impossible
Case #150:
..
..
**
**
**
Case #151:
Impossible
Case #152:
..***
..***
..***
..***
..***
Case #153:
*
.
.
.
c
Case #154:
Impossible
Case #155:
...*
...*
...*
...*
Case #156:
.....
.....
.....
.....
....*
Case #157:
Impossible
Case #158:
Impossible
Case #159:
Impossible
Case #160:
Impossible
Case #161:
...*
...*
...*
...*
..**
Case #162:
..
..
**
**
Case #163:
Impossible
Case #164:
....
....
Case #165:
Impossible
Case #166:
..**
..**
..**
****
Case #167:
*
.
c
Case #168:
....c
Case #169:
..*
..*
***
Case #170:
Impossible
Case #171:
...**
...**
..***
..***
Case #172:
...
...
...
...
...
Case #173:
...
...
..*
..*
..*
Case #174:
.....
.....
.....
.....
Case #175:
Impossible
Case #176:
Impossible
Case #177:
***.c
Case #178:
.....
.....
....*
....*
Case #179:
..
..
..
**
**
Case #180:
....
....
....
....
...*
Case #181:
Impossible
Case #182:
Impossible
Case #183:
Impossible
Case #184:
Impossible
Case #185:
Impossible
Case #186:
Impossible
Case #187:
..***
..***
Case #188:
Impossible
Case #189:
Impossible
Case #190:
Impossible
Case #191:
Impossible
Case #192:
Impossible
Case #193:
...*
...*
...*
...*
...*
Case #194:
Impossible
Case #195:
Impossible
Case #196:
Impossible
Case #197:
Impossible
Case #198:
.
.
.
.
c
Case #199:
.c
Case #200:
Impossible
Case #201:
..**
..**
..**
****
****
Case #202:
*..c
Case #203:
.....
.....
....*
Case #204:
....
....
...*
...*
...*
Case #205:
..**
..**
Case #206:
...
...
...
...
Case #207:
Impossible
Case #208:
Impossible
Case #209:
*
*
*
.
c
Case #210:
...c
Case #211:
Impossible
Case #212:
Impossible
Case #213:
..***
..***
*****
Case #214:
.....
.....
....*
....*
....*
Case #215:
...
...
...
...
..*
Case #216:
..c
Case #217:
Impossible
Case #218:
Impossible
Case #219:
Impossible
Case #220:
Impossible
Case #221:
Impossible
Case #222:
..***
..***
..***
*****
Case #223:
Impossible
Case #224:
..***
..***
..***
Case #225:
Impossible
