Case #1: 1 0
Case #2: 1 0
Case #3: 1 1
Case #4: 0 0
Case #5: 500 499
Case #6: 0 0
Case #7: 1 0
Case #8: 3 2
Case #9: 0 0
Case #10: 0 0
Case #11: 1 1
Case #12: 1 1
Case #13: 1 1
Case #14: 1 1
Case #15: 1 0
Case #16: 0 0
Case #17: 0 0
Case #18: 0 0
Case #19: 1 1
Case #20: 3 3
Case #21: 0 0
Case #22: 0 0
Case #23: 0 0
Case #24: 250 249
Case #25: 0 0
Case #26: 0 0
Case #27: 499 499
Case #28: 249 249
Case #29: 1 1
Case #30: 0 0
Case #31: 0 0
Case #32: 0 0
Case #33: 3 2
Case #34: 0 0
Case #35: 0 0
Case #36: 3 2
Case #37: 0 0
Case #38: 1 0
Case #39: 0 0
Case #40: 0 0
Case #41: 1 0
Case #42: 0 0
Case #43: 2 2
Case #44: 0 0
Case #45: 1 0
Case #46: 0 0
Case #47: 250 249
Case #48: 1 1
Case #49: 0 0
Case #50: 1 0
Case #51: 1 0
Case #52: 0 0
Case #53: 1 0
Case #54: 0 0
Case #55: 0 0
Case #56: 0 0
Case #57: 3 3
Case #58: 1 0
Case #59: 0 0
Case #60: 1 0
Case #61: 0 0
Case #62: 3 3
Case #63: 1 1
Case #64: 0 0
Case #65: 0 0
Case #66: 2 1
Case #67: 0 0
Case #68: 3 2
Case #69: 0 0
Case #70: 0 0
Case #71: 0 0
Case #72: 0 0
Case #73: 3 3
Case #74: 1 1
Case #75: 0 0
Case #76: 0 0
Case #77: 1 0
Case #78: 0 0
Case #79: 1 0
Case #80: 0 0
Case #81: 0 0
Case #82: 1 1
Case #83: 1 0
Case #84: 0 0
Case #85: 1 0
Case #86: 0 0
Case #87: 0 0
Case #88: 0 0
Case #89: 7 6
Case #90: 1 0
Case #91: 125 124
Case #92: 1 0
Case #93: 1 0
Case #94: 0 0
Case #95: 0 0
Case #96: 1 0
Case #97: 7 6
Case #98: 0 0
Case #99: 0 0
Case #100: 0 0
