Case #1: 1 0
Case #2: 1 0
Case #3: 1 1
Case #4: 0 0
Case #5: 500 499
Case #6: 1 0
Case #7: 0 0
Case #8: 1 0
Case #9: 2 2
Case #10: 2 1
Case #11: 0 0
Case #12: 1 1
Case #13: 32 32
Case #14: 7 6
Case #15: 1 1
Case #16: 15 15
Case #17: 0 0
Case #18: 1 0
Case #19: 0 0
Case #20: 7 7
Case #21: 0 0
Case #22: 62 61
Case #23: 0 0
Case #24: 2 1
Case #25: 0 0
Case #26: 0 0
Case #27: 125 124
Case #28: 15 15
Case #29: 1 0
Case #30: 0 0
Case #31: 1 0
Case #32: 5 4
Case #33: 1 0
Case #34: 7 6
Case #35: 3 2
Case #36: 1 0
Case #37: 25 24
Case #38: 0 0
Case #39: 7 7
Case #40: 1 1
Case #41: 4 4
Case #42: 0 0
Case #43: 2 2
Case #44: 0 0
Case #45: 499 499
Case #46: 249 249
Case #47: 0 0
Case #48: 1 1
Case #49: 0 0
Case #50: 0 0
Case #51: 31 30
Case #52: 0 0
Case #53: 1 0
Case #54: 2 1
Case #55: 3 3
Case #56: 62 61
Case #57: 0 0
Case #58: 14 13
Case #59: 62 61
Case #60: 0 0
Case #61: 1 1
Case #62: 7 6
Case #63: 1 1
Case #64: 1 1
Case #65: 7 7
Case #66: 1 1
Case #67: 0 0
Case #68: 0 0
Case #69: 0 0
Case #70: 3 3
Case #71: 0 0
Case #72: 2 2
Case #73: 3 2
Case #74: 15 14
Case #75: 0 0
Case #76: 3 2
Case #77: 0 0
Case #78: 0 0
Case #79: 1 0
Case #80: 0 0
Case #81: 0 0
Case #82: 1 1
Case #83: 1 1
Case #84: 0 0
Case #85: 250 249
Case #86: 0 0
Case #87: 250 249
Case #88: 7 6
Case #89: 0 0
Case #90: 0 0
Case #91: 2 2
Case #92: 2 1
Case #93: 0 0
Case #94: 3 3
Case #95: 1 0
Case #96: 1 0
Case #97: 1 0
Case #98: 15 15
Case #99: 1 0
Case #100: 0 0
