Case #1: 1 0
Case #2: 1 0
Case #3: 1 1
Case #{}: 0 0
Case #5: 500 499
Case #{}: 0 0
Case #{}: 0 0
Case #{}: 0 0
Case #{}: 0 0
Case #10: 3 2
Case #11: 1 1
Case #{}: 0 0
Case #{}: 0 0
Case #14: 3906 3905
Case #15: 3906 3905
Case #{}: 0 0
Case #{}: 0 0
Case #18: 1 0
Case #{}: 0 0
Case #20: 1 0
Case #{}: 0 0
Case #{}: 0 0
Case #23: 1 0
Case #24: 249999 249999
Case #{}: 0 0
Case #26: 1 0
Case #{}: 0 0
Case #{}: 0 0
Case #{}: 0 0
Case #30: 3 2
Case #31: 500000 499999
Case #32: 1 0
Case #{}: 0 0
Case #{}: 0 0
Case #{}: 0 0
Case #{}: 0 0
Case #{}: 0 0
Case #38: 250000 249999
Case #39: 1 1
